
//////////////////////////////////////////
trace for ../database/cor_files/Kappa.cor:
//////////////////////////////////////////

==73508== Memcheck, a memory error detector
==73508== Copyright (C) 2002-2017, and GNU GPL'd, by Julian Seward et al.
==73508== Using Valgrind-3.14.0 and LibVEX; rerun with -h for copyright info
==73508== Command: ./corewar ../database/cor_files/Kappa.cor
==73508== Parent PID: 73497
==73508== 
==73508== Conditional jump or move depends on uninitialised value(s)
==73508==    at 0x100004A59: ins_aff (aff.c:49)
==73508==    by 0x100001948: next_process_action (play.c:111)
==73508==    by 0x100001791: play_one_cycle (play.c:137)
==73508==    by 0x1000013FD: main (main.c:68)
==73508== 
==73508== 
==73508== HEAP SUMMARY:
==73508==     in use at exit: 1,260,370 bytes in 809 blocks
==73508==   total heap usage: 9,297 allocs, 8,488 frees, 3,634,538 bytes allocated
==73508== 
==73508== LEAK SUMMARY:
==73508==    definitely lost: 0 bytes in 0 blocks
==73508==    indirectly lost: 0 bytes in 0 blocks
==73508==      possibly lost: 0 bytes in 0 blocks
==73508==    still reachable: 25,644 bytes in 292 blocks
==73508==         suppressed: 1,234,726 bytes in 517 blocks
==73508== Reachable blocks (those to which a pointer was found) are not shown.
==73508== To see them, rerun with: --leak-check=full --show-leak-kinds=all
==73508== 
==73508== For counts of detected and suppressed errors, rerun with: -v
==73508== Use --track-origins=yes to see where uninitialised values come from
==73508== ERROR SUMMARY: 1 errors from 1 contexts (suppressed: 114 from 93)
