
//////////////////////////////////////////
trace for ../database/cor_files/Kappa.cor:
//////////////////////////////////////////

==97062== Memcheck, a memory error detector
==97062== Copyright (C) 2002-2017, and GNU GPL'd, by Julian Seward et al.
==97062== Using Valgrind-3.16.0.GIT and LibVEX; rerun with -h for copyright info
==97062== Command: ./corewar ../database/cor_files/Kappa.cor
==97062== Parent PID: 97017
==97062== 
==97062== Conditional jump or move depends on uninitialised value(s)
==97062==    at 0x100004DA9: ins_aff (aff.c:49)
==97062==    by 0x100001C98: next_process_action (play.c:111)
==97062==    by 0x100001AE1: play_one_cycle (play.c:137)
==97062==    by 0x10000174A: main (main.c:68)
==97062== 
==97062== 
==97062== HEAP SUMMARY:
==97062==     in use at exit: 2,334,322 bytes in 908 blocks
==97062==   total heap usage: 9,550 allocs, 8,642 frees, 5,826,446 bytes allocated
==97062== 
==97062== LEAK SUMMARY:
==97062==    definitely lost: 0 bytes in 0 blocks
==97062==    indirectly lost: 0 bytes in 0 blocks
==97062==      possibly lost: 0 bytes in 0 blocks
==97062==    still reachable: 32 bytes in 1 blocks
==97062==         suppressed: 2,334,290 bytes in 907 blocks
==97062== Reachable blocks (those to which a pointer was found) are not shown.
==97062== To see them, rerun with: --leak-check=full --show-leak-kinds=all
==97062== 
==97062== Use --track-origins=yes to see where uninitialised values come from
==97062== For lists of detected and suppressed errors, rerun with: -s
==97062== ERROR SUMMARY: 1 errors from 1 contexts (suppressed: 2228 from 138)
